<?xml version="1.0" encoding="UTF-8"?>
<testng-results skipped="0" failed="0" ignored="0" total="1" passed="1">
  <reporter-output>
  </reporter-output>
  <suite name="Default suite" duration-ms="67004" started-at="2019-02-22T03:17:11Z" finished-at="2019-02-22T03:18:18Z">
    <groups>
    </groups>
    <test name="Default test" duration-ms="67004" started-at="2019-02-22T03:17:11Z" finished-at="2019-02-22T03:18:18Z">
      <class name="gmailTest.HomePageTest">
        <test-method status="PASS" signature="setup()[pri:0, instance:gmailTest.HomePageTest@78c1372d]" name="setup" is-config="true" duration-ms="39245" started-at="2019-02-22T03:17:11Z" finished-at="2019-02-22T03:17:51Z">
          <reporter-output>
          </reporter-output>
        </test-method> <!-- setup -->
        <test-method status="PASS" signature="HomePageTestload()[pri:0, instance:gmailTest.HomePageTest@78c1372d]" name="HomePageTestload" duration-ms="23656" started-at="2019-02-22T03:17:51Z" finished-at="2019-02-22T03:18:14Z">
          <reporter-output>
          </reporter-output>
        </test-method> <!-- HomePageTestload -->
        <test-method status="PASS" signature="teardown()[pri:0, instance:gmailTest.HomePageTest@78c1372d]" name="teardown" is-config="true" duration-ms="4053" started-at="2019-02-22T03:18:14Z" finished-at="2019-02-22T03:18:18Z">
          <reporter-output>
          </reporter-output>
        </test-method> <!-- teardown -->
      </class> <!-- gmailTest.HomePageTest -->
    </test> <!-- Default test -->
  </suite> <!-- Default suite -->
</testng-results>
